0 info it worked if it ends with ok
1 verbose cli [ '/Users/pengjunp/.nvm/versions/node/v4.4.5/bin/node',
1 verbose cli   '/Users/pengjunp/.nvm/versions/node/v4.4.5/bin/npm',
1 verbose cli   'run',
1 verbose cli   'sass:watch' ]
2 info using npm@4.0.3
3 info using node@v4.4.5
4 verbose run-script [ 'presass:watch', 'sass:watch', 'postsass:watch' ]
5 info lifecycle aquocss@1.0.0~presass:watch: aquocss@1.0.0
6 silly lifecycle aquocss@1.0.0~presass:watch: no script for presass:watch, continuing
7 info lifecycle aquocss@1.0.0~sass:watch: aquocss@1.0.0
8 verbose lifecycle aquocss@1.0.0~sass:watch: unsafe-perm in lifecycle true
9 verbose lifecycle aquocss@1.0.0~sass:watch: PATH: /Users/pengjunp/.nvm/versions/node/v4.4.5/lib/node_modules/npm/bin/node-gyp-bin:/Users/pengjunp/projects/aquocss/node_modules/.bin:/Users/pengjunp/.rvm/gems/ruby-2.3.0/bin:/Users/pengjunp/.rvm/gems/ruby-2.3.0@global/bin:/Users/pengjunp/.rvm/rubies/ruby-2.3.0/bin:/usr/local/bin:/usr/local/sbin:/Library/Frameworks/Python.framework/Versions/3.5/bin:/usr/local/bin:/usr/bin:/bin:/usr/sbin:/sbin:/opt/X11/bin:/Users/pengjunp/.nvm/versions/node/v4.4.5/bin:/Users/pengjunp/.rvm/gems/ruby-2.3.0/bin:/Users/pengjunp/.rvm/gems/ruby-2.3.0@global/bin:/Users/pengjunp/.rvm/rubies/ruby-2.3.0/bin:/usr/local/bin:/usr/bin:/bin:/usr/sbin:/sbin:/Users/pengjunp/.rvm/bin:/Users/pengjunp/.rvm/bin:/usr/local/mysql/bin
10 verbose lifecycle aquocss@1.0.0~sass:watch: CWD: /Users/pengjunp/projects/aquocss
11 silly lifecycle aquocss@1.0.0~sass:watch: Args: [ '-c',
11 silly lifecycle   'node-sass -w --output-style expanded --source-map true src/aquo.scss dist/aquo.css' ]
12 silly lifecycle aquocss@1.0.0~sass:watch: Returned: code: 1  signal: null
13 info lifecycle aquocss@1.0.0~sass:watch: Failed to exec sass:watch script
14 verbose stack Error: aquocss@1.0.0 sass:watch: `node-sass -w --output-style expanded --source-map true src/aquo.scss dist/aquo.css`
14 verbose stack Exit status 1
14 verbose stack     at EventEmitter.<anonymous> (/Users/pengjunp/.nvm/versions/node/v4.4.5/lib/node_modules/npm/lib/utils/lifecycle.js:279:16)
14 verbose stack     at emitTwo (events.js:87:13)
14 verbose stack     at EventEmitter.emit (events.js:172:7)
14 verbose stack     at ChildProcess.<anonymous> (/Users/pengjunp/.nvm/versions/node/v4.4.5/lib/node_modules/npm/lib/utils/spawn.js:40:14)
14 verbose stack     at emitTwo (events.js:87:13)
14 verbose stack     at ChildProcess.emit (events.js:172:7)
14 verbose stack     at maybeClose (internal/child_process.js:827:16)
14 verbose stack     at Process.ChildProcess._handle.onexit (internal/child_process.js:211:5)
15 verbose pkgid aquocss@1.0.0
16 verbose cwd /Users/pengjunp/projects/aquocss
17 error Darwin 16.4.0
18 error argv "/Users/pengjunp/.nvm/versions/node/v4.4.5/bin/node" "/Users/pengjunp/.nvm/versions/node/v4.4.5/bin/npm" "run" "sass:watch"
19 error node v4.4.5
20 error npm  v4.0.3
21 error code ELIFECYCLE
22 error aquocss@1.0.0 sass:watch: `node-sass -w --output-style expanded --source-map true src/aquo.scss dist/aquo.css`
22 error Exit status 1
23 error Failed at the aquocss@1.0.0 sass:watch script 'node-sass -w --output-style expanded --source-map true src/aquo.scss dist/aquo.css'.
23 error Make sure you have the latest version of node.js and npm installed.
23 error If you do, this is most likely a problem with the aquocss package,
23 error not with npm itself.
23 error Tell the author that this fails on your system:
23 error     node-sass -w --output-style expanded --source-map true src/aquo.scss dist/aquo.css
23 error You can get information on how to open an issue for this project with:
23 error     npm bugs aquocss
23 error Or if that isn't available, you can get their info via:
23 error     npm owner ls aquocss
23 error There is likely additional logging output above.
24 verbose exit [ 1, true ]
